<?xml version="1.0" encoding="UTF-8"?>
<testng-results ignored="0" total="1" passed="1" failed="0" skipped="0">
  <reporter-output>
  </reporter-output>
  <suite started-at="2024-09-04T19:48:05 IST" name="Default suite" finished-at="2024-09-04T19:48:05 IST" duration-ms="130">
    <groups>
    </groups>
    <test started-at="2024-09-04T19:48:05 IST" name="Default test" finished-at="2024-09-04T19:48:05 IST" duration-ms="130">
      <class name="testNG.softAssertEx">
        <test-method signature="m1()[pri:0, instance:testNG.softAssertEx@323b36e0]" started-at="2024-09-04T19:48:05 IST" name="m1" finished-at="2024-09-04T19:48:05 IST" duration-ms="35" status="PASS">
          <reporter-output>
          </reporter-output>
        </test-method> <!-- m1 -->
      </class> <!-- testNG.softAssertEx -->
    </test> <!-- Default test -->
  </suite> <!-- Default suite -->
</testng-results>
